/!\ FAILSAFE /!\  Wed Apr 04 18:26:25 +0800 2012
  Status: 500 Internal Server Error
  Could not find table 'sessions'
    /var/lib/gems/1.8/gems/activerecord-2.2.2/lib/active_record/connection_adapters/sqlite3_adapter.rb:29:in `table_structure'
    /var/lib/gems/1.8/gems/activesupport-2.2.2/lib/active_support/core_ext/object/misc.rb:39:in `returning'
    /var/lib/gems/1.8/gems/activerecord-2.2.2/lib/active_record/connection_adapters/sqlite3_adapter.rb:28:in `table_structure'
    /var/lib/gems/1.8/gems/activerecord-2.2.2/lib/active_record/connection_adapters/sqlite_adapter.rb:189:in `columns'
    /var/lib/gems/1.8/gems/activerecord-2.2.2/lib/active_record/base.rb:1220:in `columns'
    /var/lib/gems/1.8/gems/activerecord-2.2.2/lib/active_record/base.rb:1228:in `columns_hash'
    /var/lib/gems/1.8/gems/actionpack-2.2.2/lib/action_controller/session/active_record_store.rb:104:in `setup_sessid_compatibility!'
    /var/lib/gems/1.8/gems/actionpack-2.2.2/lib/action_controller/session/active_record_store.rb:78:in `find_by_session_id'
    /var/lib/gems/1.8/gems/actionpack-2.2.2/lib/action_controller/session/active_record_store.rb:288:in `initialize'
    /var/lib/gems/1.8/gems/activerecord-2.2.2/lib/active_record/base.rb:1398:in `silence'
    /var/lib/gems/1.8/gems/actionpack-2.2.2/lib/action_controller/session/active_record_store.rb:288:in `initialize'
    /usr/lib/ruby/1.8/cgi/session.rb:280:in `new'
    /usr/lib/ruby/1.8/cgi/session.rb:280:in `initialize_without_cgi_reader'
    /var/lib/gems/1.8/gems/actionpack-2.2.2/lib/action_controller/cgi_ext/session.rb:19:in `initialize'
    /var/lib/gems/1.8/gems/actionpack-2.2.2/lib/action_controller/cgi_process.rb:94:in `new'
    /var/lib/gems/1.8/gems/actionpack-2.2.2/lib/action_controller/cgi_process.rb:94:in `session'
    /var/lib/gems/1.8/gems/actionpack-2.2.2/lib/action_controller/cgi_process.rb:130:in `stale_session_check!'
    /var/lib/gems/1.8/gems/actionpack-2.2.2/lib/action_controller/cgi_process.rb:78:in `session'
    /var/lib/gems/1.8/gems/actionpack-2.2.2/lib/action_controller/base.rb:1205:in `assign_shortcuts_without_flash'
    /var/lib/gems/1.8/gems/actionpack-2.2.2/lib/action_controller/flash.rb:166:in `assign_shortcuts'
    /var/lib/gems/1.8/gems/actionpack-2.2.2/lib/action_controller/base.rb:519:in `process_without_filters'
    /var/lib/gems/1.8/gems/actionpack-2.2.2/lib/action_controller/filters.rb:606:in `process_without_session_management_support'
    /var/lib/gems/1.8/gems/actionpack-2.2.2/lib/action_controller/session_management.rb:134:in `process'
    /var/lib/gems/1.8/gems/actionpack-2.2.2/lib/action_controller/base.rb:392:in `process'
    /var/lib/gems/1.8/gems/actionpack-2.2.2/lib/action_controller/dispatcher.rb:183:in `handle_request'
    /var/lib/gems/1.8/gems/actionpack-2.2.2/lib/action_controller/dispatcher.rb:110:in `dispatch_unlocked'
    /var/lib/gems/1.8/gems/actionpack-2.2.2/lib/action_controller/dispatcher.rb:123:in `dispatch'
    /var/lib/gems/1.8/gems/actionpack-2.2.2/lib/action_controller/dispatcher.rb:122:in `synchronize'
    /var/lib/gems/1.8/gems/actionpack-2.2.2/lib/action_controller/dispatcher.rb:122:in `dispatch'
    /var/lib/gems/1.8/gems/actionpack-2.2.2/lib/action_controller/dispatcher.rb:132:in `dispatch_cgi'
    /var/lib/gems/1.8/gems/actionpack-2.2.2/lib/action_controller/dispatcher.rb:39:in `dispatch'
    /var/lib/gems/1.8/gems/passenger-3.0.11/lib/phusion_passenger/classic_rails/request_handler.rb:51:in `process_request'
    /var/lib/gems/1.8/gems/passenger-3.0.11/lib/phusion_passenger/abstract_request_handler.rb:513:in `accept_and_process_next_request'
    /var/lib/gems/1.8/gems/passenger-3.0.11/lib/phusion_passenger/abstract_request_handler.rb:274:in `main_loop'
    /var/lib/gems/1.8/gems/passenger-3.0.11/lib/phusion_passenger/classic_rails/application_spawner.rb:321:in `start_request_handler'
    /var/lib/gems/1.8/gems/passenger-3.0.11/lib/phusion_passenger/classic_rails/application_spawner.rb:275:in `send'
    /var/lib/gems/1.8/gems/passenger-3.0.11/lib/phusion_passenger/classic_rails/application_spawner.rb:275:in `handle_spawn_application'
    /var/lib/gems/1.8/gems/passenger-3.0.11/lib/phusion_passenger/utils.rb:479:in `safe_fork'
    /var/lib/gems/1.8/gems/passenger-3.0.11/lib/phusion_passenger/classic_rails/application_spawner.rb:270:in `handle_spawn_application'
    /var/lib/gems/1.8/gems/passenger-3.0.11/lib/phusion_passenger/abstract_server.rb:357:in `__send__'
    /var/lib/gems/1.8/gems/passenger-3.0.11/lib/phusion_passenger/abstract_server.rb:357:in `server_main_loop'
    /var/lib/gems/1.8/gems/passenger-3.0.11/lib/phusion_passenger/abstract_server.rb:206:in `start_synchronously'
    /var/lib/gems/1.8/gems/passenger-3.0.11/lib/phusion_passenger/abstract_server.rb:180:in `start'
    /var/lib/gems/1.8/gems/passenger-3.0.11/lib/phusion_passenger/classic_rails/application_spawner.rb:149:in `start'
    /var/lib/gems/1.8/gems/passenger-3.0.11/lib/phusion_passenger/spawn_manager.rb:219:in `spawn_rails_application'
    /var/lib/gems/1.8/gems/passenger-3.0.11/lib/phusion_passenger/abstract_server_collection.rb:132:in `lookup_or_add'
    /var/lib/gems/1.8/gems/passenger-3.0.11/lib/phusion_passenger/spawn_manager.rb:214:in `spawn_rails_application'
    /var/lib/gems/1.8/gems/passenger-3.0.11/lib/phusion_passenger/abstract_server_collection.rb:82:in `synchronize'
    /var/lib/gems/1.8/gems/passenger-3.0.11/lib/phusion_passenger/abstract_server_collection.rb:79:in `synchronize'
    /var/lib/gems/1.8/gems/passenger-3.0.11/lib/phusion_passenger/spawn_manager.rb:213:in `spawn_rails_application'
    /var/lib/gems/1.8/gems/passenger-3.0.11/lib/phusion_passenger/spawn_manager.rb:132:in `spawn_application'
    /var/lib/gems/1.8/gems/passenger-3.0.11/lib/phusion_passenger/spawn_manager.rb:275:in `handle_spawn_application'
    /var/lib/gems/1.8/gems/passenger-3.0.11/lib/phusion_passenger/abstract_server.rb:357:in `__send__'
    /var/lib/gems/1.8/gems/passenger-3.0.11/lib/phusion_passenger/abstract_server.rb:357:in `server_main_loop'
    /var/lib/gems/1.8/gems/passenger-3.0.11/lib/phusion_passenger/abstract_server.rb:206:in `start_synchronously'
    /var/lib/gems/1.8/gems/passenger-3.0.11/helper-scripts/passenger-spawn-server:99
/!\ FAILSAFE /!\  Wed Apr 04 18:26:36 +0800 2012
  Status: 500 Internal Server Error
  Could not find table 'sessions'
    /var/lib/gems/1.8/gems/activerecord-2.2.2/lib/active_record/connection_adapters/sqlite3_adapter.rb:29:in `table_structure'
    /var/lib/gems/1.8/gems/activesupport-2.2.2/lib/active_support/core_ext/object/misc.rb:39:in `returning'
    /var/lib/gems/1.8/gems/activerecord-2.2.2/lib/active_record/connection_adapters/sqlite3_adapter.rb:28:in `table_structure'
    /var/lib/gems/1.8/gems/activerecord-2.2.2/lib/active_record/connection_adapters/sqlite_adapter.rb:189:in `columns'
    /var/lib/gems/1.8/gems/activerecord-2.2.2/lib/active_record/base.rb:1220:in `columns'
    /var/lib/gems/1.8/gems/activerecord-2.2.2/lib/active_record/base.rb:1228:in `columns_hash'
    /var/lib/gems/1.8/gems/actionpack-2.2.2/lib/action_controller/session/active_record_store.rb:104:in `setup_sessid_compatibility!'
    /var/lib/gems/1.8/gems/actionpack-2.2.2/lib/action_controller/session/active_record_store.rb:78:in `find_by_session_id'
    /var/lib/gems/1.8/gems/actionpack-2.2.2/lib/action_controller/session/active_record_store.rb:288:in `initialize'
    /var/lib/gems/1.8/gems/activerecord-2.2.2/lib/active_record/base.rb:1398:in `silence'
    /var/lib/gems/1.8/gems/actionpack-2.2.2/lib/action_controller/session/active_record_store.rb:288:in `initialize'
    /usr/lib/ruby/1.8/cgi/session.rb:280:in `new'
    /usr/lib/ruby/1.8/cgi/session.rb:280:in `initialize_without_cgi_reader'
    /var/lib/gems/1.8/gems/actionpack-2.2.2/lib/action_controller/cgi_ext/session.rb:19:in `initialize'
    /var/lib/gems/1.8/gems/actionpack-2.2.2/lib/action_controller/cgi_process.rb:94:in `new'
    /var/lib/gems/1.8/gems/actionpack-2.2.2/lib/action_controller/cgi_process.rb:94:in `session'
    /var/lib/gems/1.8/gems/actionpack-2.2.2/lib/action_controller/cgi_process.rb:130:in `stale_session_check!'
    /var/lib/gems/1.8/gems/actionpack-2.2.2/lib/action_controller/cgi_process.rb:78:in `session'
    /var/lib/gems/1.8/gems/actionpack-2.2.2/lib/action_controller/base.rb:1205:in `assign_shortcuts_without_flash'
    /var/lib/gems/1.8/gems/actionpack-2.2.2/lib/action_controller/flash.rb:166:in `assign_shortcuts'
    /var/lib/gems/1.8/gems/actionpack-2.2.2/lib/action_controller/base.rb:519:in `process_without_filters'
    /var/lib/gems/1.8/gems/actionpack-2.2.2/lib/action_controller/filters.rb:606:in `process_without_session_management_support'
    /var/lib/gems/1.8/gems/actionpack-2.2.2/lib/action_controller/session_management.rb:134:in `process'
    /var/lib/gems/1.8/gems/actionpack-2.2.2/lib/action_controller/base.rb:392:in `process'
    /var/lib/gems/1.8/gems/actionpack-2.2.2/lib/action_controller/dispatcher.rb:183:in `handle_request'
    /var/lib/gems/1.8/gems/actionpack-2.2.2/lib/action_controller/dispatcher.rb:110:in `dispatch_unlocked'
    /var/lib/gems/1.8/gems/actionpack-2.2.2/lib/action_controller/dispatcher.rb:123:in `dispatch'
    /var/lib/gems/1.8/gems/actionpack-2.2.2/lib/action_controller/dispatcher.rb:122:in `synchronize'
    /var/lib/gems/1.8/gems/actionpack-2.2.2/lib/action_controller/dispatcher.rb:122:in `dispatch'
    /var/lib/gems/1.8/gems/actionpack-2.2.2/lib/action_controller/dispatcher.rb:132:in `dispatch_cgi'
    /var/lib/gems/1.8/gems/actionpack-2.2.2/lib/action_controller/dispatcher.rb:39:in `dispatch'
    /var/lib/gems/1.8/gems/passenger-3.0.11/lib/phusion_passenger/classic_rails/request_handler.rb:51:in `process_request'
    /var/lib/gems/1.8/gems/passenger-3.0.11/lib/phusion_passenger/abstract_request_handler.rb:513:in `accept_and_process_next_request'
    /var/lib/gems/1.8/gems/passenger-3.0.11/lib/phusion_passenger/abstract_request_handler.rb:274:in `main_loop'
    /var/lib/gems/1.8/gems/passenger-3.0.11/lib/phusion_passenger/classic_rails/application_spawner.rb:321:in `start_request_handler'
    /var/lib/gems/1.8/gems/passenger-3.0.11/lib/phusion_passenger/classic_rails/application_spawner.rb:275:in `send'
    /var/lib/gems/1.8/gems/passenger-3.0.11/lib/phusion_passenger/classic_rails/application_spawner.rb:275:in `handle_spawn_application'
    /var/lib/gems/1.8/gems/passenger-3.0.11/lib/phusion_passenger/utils.rb:479:in `safe_fork'
    /var/lib/gems/1.8/gems/passenger-3.0.11/lib/phusion_passenger/classic_rails/application_spawner.rb:270:in `handle_spawn_application'
    /var/lib/gems/1.8/gems/passenger-3.0.11/lib/phusion_passenger/abstract_server.rb:357:in `__send__'
    /var/lib/gems/1.8/gems/passenger-3.0.11/lib/phusion_passenger/abstract_server.rb:357:in `server_main_loop'
    /var/lib/gems/1.8/gems/passenger-3.0.11/lib/phusion_passenger/abstract_server.rb:206:in `start_synchronously'
    /var/lib/gems/1.8/gems/passenger-3.0.11/lib/phusion_passenger/abstract_server.rb:180:in `start'
    /var/lib/gems/1.8/gems/passenger-3.0.11/lib/phusion_passenger/classic_rails/application_spawner.rb:149:in `start'
    /var/lib/gems/1.8/gems/passenger-3.0.11/lib/phusion_passenger/spawn_manager.rb:219:in `spawn_rails_application'
    /var/lib/gems/1.8/gems/passenger-3.0.11/lib/phusion_passenger/abstract_server_collection.rb:132:in `lookup_or_add'
    /var/lib/gems/1.8/gems/passenger-3.0.11/lib/phusion_passenger/spawn_manager.rb:214:in `spawn_rails_application'
    /var/lib/gems/1.8/gems/passenger-3.0.11/lib/phusion_passenger/abstract_server_collection.rb:82:in `synchronize'
    /var/lib/gems/1.8/gems/passenger-3.0.11/lib/phusion_passenger/abstract_server_collection.rb:79:in `synchronize'
    /var/lib/gems/1.8/gems/passenger-3.0.11/lib/phusion_passenger/spawn_manager.rb:213:in `spawn_rails_application'
    /var/lib/gems/1.8/gems/passenger-3.0.11/lib/phusion_passenger/spawn_manager.rb:132:in `spawn_application'
    /var/lib/gems/1.8/gems/passenger-3.0.11/lib/phusion_passenger/spawn_manager.rb:275:in `handle_spawn_application'
    /var/lib/gems/1.8/gems/passenger-3.0.11/lib/phusion_passenger/abstract_server.rb:357:in `__send__'
    /var/lib/gems/1.8/gems/passenger-3.0.11/lib/phusion_passenger/abstract_server.rb:357:in `server_main_loop'
    /var/lib/gems/1.8/gems/passenger-3.0.11/lib/phusion_passenger/abstract_server.rb:206:in `start_synchronously'
    /var/lib/gems/1.8/gems/passenger-3.0.11/helper-scripts/passenger-spawn-server:99
/!\ FAILSAFE /!\  Wed Apr 04 18:26:40 +0800 2012
  Status: 500 Internal Server Error
  Could not find table 'sessions'
    /var/lib/gems/1.8/gems/activerecord-2.2.2/lib/active_record/connection_adapters/sqlite3_adapter.rb:29:in `table_structure'
    /var/lib/gems/1.8/gems/activesupport-2.2.2/lib/active_support/core_ext/object/misc.rb:39:in `returning'
    /var/lib/gems/1.8/gems/activerecord-2.2.2/lib/active_record/connection_adapters/sqlite3_adapter.rb:28:in `table_structure'
    /var/lib/gems/1.8/gems/activerecord-2.2.2/lib/active_record/connection_adapters/sqlite_adapter.rb:189:in `columns'
    /var/lib/gems/1.8/gems/activerecord-2.2.2/lib/active_record/base.rb:1220:in `columns'
    /var/lib/gems/1.8/gems/activerecord-2.2.2/lib/active_record/base.rb:1228:in `columns_hash'
    /var/lib/gems/1.8/gems/actionpack-2.2.2/lib/action_controller/session/active_record_store.rb:104:in `setup_sessid_compatibility!'
    /var/lib/gems/1.8/gems/actionpack-2.2.2/lib/action_controller/session/active_record_store.rb:78:in `find_by_session_id'
    /var/lib/gems/1.8/gems/actionpack-2.2.2/lib/action_controller/session/active_record_store.rb:288:in `initialize'
    /var/lib/gems/1.8/gems/activerecord-2.2.2/lib/active_record/base.rb:1398:in `silence'
    /var/lib/gems/1.8/gems/actionpack-2.2.2/lib/action_controller/session/active_record_store.rb:288:in `initialize'
    /usr/lib/ruby/1.8/cgi/session.rb:280:in `new'
    /usr/lib/ruby/1.8/cgi/session.rb:280:in `initialize_without_cgi_reader'
    /var/lib/gems/1.8/gems/actionpack-2.2.2/lib/action_controller/cgi_ext/session.rb:19:in `initialize'
    /var/lib/gems/1.8/gems/actionpack-2.2.2/lib/action_controller/cgi_process.rb:94:in `new'
    /var/lib/gems/1.8/gems/actionpack-2.2.2/lib/action_controller/cgi_process.rb:94:in `session'
    /var/lib/gems/1.8/gems/actionpack-2.2.2/lib/action_controller/cgi_process.rb:130:in `stale_session_check!'
    /var/lib/gems/1.8/gems/actionpack-2.2.2/lib/action_controller/cgi_process.rb:78:in `session'
    /var/lib/gems/1.8/gems/actionpack-2.2.2/lib/action_controller/base.rb:1205:in `assign_shortcuts_without_flash'
    /var/lib/gems/1.8/gems/actionpack-2.2.2/lib/action_controller/flash.rb:166:in `assign_shortcuts'
    /var/lib/gems/1.8/gems/actionpack-2.2.2/lib/action_controller/base.rb:519:in `process_without_filters'
    /var/lib/gems/1.8/gems/actionpack-2.2.2/lib/action_controller/filters.rb:606:in `process_without_session_management_support'
    /var/lib/gems/1.8/gems/actionpack-2.2.2/lib/action_controller/session_management.rb:134:in `process'
    /var/lib/gems/1.8/gems/actionpack-2.2.2/lib/action_controller/base.rb:392:in `process'
    /var/lib/gems/1.8/gems/actionpack-2.2.2/lib/action_controller/dispatcher.rb:183:in `handle_request'
    /var/lib/gems/1.8/gems/actionpack-2.2.2/lib/action_controller/dispatcher.rb:110:in `dispatch_unlocked'
    /var/lib/gems/1.8/gems/actionpack-2.2.2/lib/action_controller/dispatcher.rb:123:in `dispatch'
    /var/lib/gems/1.8/gems/actionpack-2.2.2/lib/action_controller/dispatcher.rb:122:in `synchronize'
    /var/lib/gems/1.8/gems/actionpack-2.2.2/lib/action_controller/dispatcher.rb:122:in `dispatch'
    /var/lib/gems/1.8/gems/actionpack-2.2.2/lib/action_controller/dispatcher.rb:132:in `dispatch_cgi'
    /var/lib/gems/1.8/gems/actionpack-2.2.2/lib/action_controller/dispatcher.rb:39:in `dispatch'
    /var/lib/gems/1.8/gems/passenger-3.0.11/lib/phusion_passenger/classic_rails/request_handler.rb:51:in `process_request'
    /var/lib/gems/1.8/gems/passenger-3.0.11/lib/phusion_passenger/abstract_request_handler.rb:513:in `accept_and_process_next_request'
    /var/lib/gems/1.8/gems/passenger-3.0.11/lib/phusion_passenger/abstract_request_handler.rb:274:in `main_loop'
    /var/lib/gems/1.8/gems/passenger-3.0.11/lib/phusion_passenger/classic_rails/application_spawner.rb:321:in `start_request_handler'
    /var/lib/gems/1.8/gems/passenger-3.0.11/lib/phusion_passenger/classic_rails/application_spawner.rb:275:in `send'
    /var/lib/gems/1.8/gems/passenger-3.0.11/lib/phusion_passenger/classic_rails/application_spawner.rb:275:in `handle_spawn_application'
    /var/lib/gems/1.8/gems/passenger-3.0.11/lib/phusion_passenger/utils.rb:479:in `safe_fork'
    /var/lib/gems/1.8/gems/passenger-3.0.11/lib/phusion_passenger/classic_rails/application_spawner.rb:270:in `handle_spawn_application'
    /var/lib/gems/1.8/gems/passenger-3.0.11/lib/phusion_passenger/abstract_server.rb:357:in `__send__'
    /var/lib/gems/1.8/gems/passenger-3.0.11/lib/phusion_passenger/abstract_server.rb:357:in `server_main_loop'
    /var/lib/gems/1.8/gems/passenger-3.0.11/lib/phusion_passenger/abstract_server.rb:206:in `start_synchronously'
    /var/lib/gems/1.8/gems/passenger-3.0.11/lib/phusion_passenger/abstract_server.rb:180:in `start'
    /var/lib/gems/1.8/gems/passenger-3.0.11/lib/phusion_passenger/classic_rails/application_spawner.rb:149:in `start'
    /var/lib/gems/1.8/gems/passenger-3.0.11/lib/phusion_passenger/spawn_manager.rb:219:in `spawn_rails_application'
    /var/lib/gems/1.8/gems/passenger-3.0.11/lib/phusion_passenger/abstract_server_collection.rb:132:in `lookup_or_add'
    /var/lib/gems/1.8/gems/passenger-3.0.11/lib/phusion_passenger/spawn_manager.rb:214:in `spawn_rails_application'
    /var/lib/gems/1.8/gems/passenger-3.0.11/lib/phusion_passenger/abstract_server_collection.rb:82:in `synchronize'
    /var/lib/gems/1.8/gems/passenger-3.0.11/lib/phusion_passenger/abstract_server_collection.rb:79:in `synchronize'
    /var/lib/gems/1.8/gems/passenger-3.0.11/lib/phusion_passenger/spawn_manager.rb:213:in `spawn_rails_application'
    /var/lib/gems/1.8/gems/passenger-3.0.11/lib/phusion_passenger/spawn_manager.rb:132:in `spawn_application'
    /var/lib/gems/1.8/gems/passenger-3.0.11/lib/phusion_passenger/spawn_manager.rb:275:in `handle_spawn_application'
    /var/lib/gems/1.8/gems/passenger-3.0.11/lib/phusion_passenger/abstract_server.rb:357:in `__send__'
    /var/lib/gems/1.8/gems/passenger-3.0.11/lib/phusion_passenger/abstract_server.rb:357:in `server_main_loop'
    /var/lib/gems/1.8/gems/passenger-3.0.11/lib/phusion_passenger/abstract_server.rb:206:in `start_synchronously'
    /var/lib/gems/1.8/gems/passenger-3.0.11/helper-scripts/passenger-spawn-server:99
/!\ FAILSAFE /!\  Wed Apr 04 18:26:40 +0800 2012
  Status: 500 Internal Server Error
  Could not find table 'sessions'
    /var/lib/gems/1.8/gems/activerecord-2.2.2/lib/active_record/connection_adapters/sqlite3_adapter.rb:29:in `table_structure'
    /var/lib/gems/1.8/gems/activesupport-2.2.2/lib/active_support/core_ext/object/misc.rb:39:in `returning'
    /var/lib/gems/1.8/gems/activerecord-2.2.2/lib/active_record/connection_adapters/sqlite3_adapter.rb:28:in `table_structure'
    /var/lib/gems/1.8/gems/activerecord-2.2.2/lib/active_record/connection_adapters/sqlite_adapter.rb:189:in `columns'
    /var/lib/gems/1.8/gems/activerecord-2.2.2/lib/active_record/base.rb:1220:in `columns'
    /var/lib/gems/1.8/gems/activerecord-2.2.2/lib/active_record/base.rb:1228:in `columns_hash'
    /var/lib/gems/1.8/gems/actionpack-2.2.2/lib/action_controller/session/active_record_store.rb:104:in `setup_sessid_compatibility!'
    /var/lib/gems/1.8/gems/actionpack-2.2.2/lib/action_controller/session/active_record_store.rb:78:in `find_by_session_id'
    /var/lib/gems/1.8/gems/actionpack-2.2.2/lib/action_controller/session/active_record_store.rb:288:in `initialize'
    /var/lib/gems/1.8/gems/activerecord-2.2.2/lib/active_record/base.rb:1398:in `silence'
    /var/lib/gems/1.8/gems/actionpack-2.2.2/lib/action_controller/session/active_record_store.rb:288:in `initialize'
    /usr/lib/ruby/1.8/cgi/session.rb:280:in `new'
    /usr/lib/ruby/1.8/cgi/session.rb:280:in `initialize_without_cgi_reader'
    /var/lib/gems/1.8/gems/actionpack-2.2.2/lib/action_controller/cgi_ext/session.rb:19:in `initialize'
    /var/lib/gems/1.8/gems/actionpack-2.2.2/lib/action_controller/cgi_process.rb:94:in `new'
    /var/lib/gems/1.8/gems/actionpack-2.2.2/lib/action_controller/cgi_process.rb:94:in `session'
    /var/lib/gems/1.8/gems/actionpack-2.2.2/lib/action_controller/cgi_process.rb:130:in `stale_session_check!'
    /var/lib/gems/1.8/gems/actionpack-2.2.2/lib/action_controller/cgi_process.rb:78:in `session'
    /var/lib/gems/1.8/gems/actionpack-2.2.2/lib/action_controller/base.rb:1205:in `assign_shortcuts_without_flash'
    /var/lib/gems/1.8/gems/actionpack-2.2.2/lib/action_controller/flash.rb:166:in `assign_shortcuts'
    /var/lib/gems/1.8/gems/actionpack-2.2.2/lib/action_controller/base.rb:519:in `process_without_filters'
    /var/lib/gems/1.8/gems/actionpack-2.2.2/lib/action_controller/filters.rb:606:in `process_without_session_management_support'
    /var/lib/gems/1.8/gems/actionpack-2.2.2/lib/action_controller/session_management.rb:134:in `process'
    /var/lib/gems/1.8/gems/actionpack-2.2.2/lib/action_controller/base.rb:392:in `process'
    /var/lib/gems/1.8/gems/actionpack-2.2.2/lib/action_controller/dispatcher.rb:183:in `handle_request'
    /var/lib/gems/1.8/gems/actionpack-2.2.2/lib/action_controller/dispatcher.rb:110:in `dispatch_unlocked'
    /var/lib/gems/1.8/gems/actionpack-2.2.2/lib/action_controller/dispatcher.rb:123:in `dispatch'
    /var/lib/gems/1.8/gems/actionpack-2.2.2/lib/action_controller/dispatcher.rb:122:in `synchronize'
    /var/lib/gems/1.8/gems/actionpack-2.2.2/lib/action_controller/dispatcher.rb:122:in `dispatch'
    /var/lib/gems/1.8/gems/actionpack-2.2.2/lib/action_controller/dispatcher.rb:132:in `dispatch_cgi'
    /var/lib/gems/1.8/gems/actionpack-2.2.2/lib/action_controller/dispatcher.rb:39:in `dispatch'
    /var/lib/gems/1.8/gems/passenger-3.0.11/lib/phusion_passenger/classic_rails/request_handler.rb:51:in `process_request'
    /var/lib/gems/1.8/gems/passenger-3.0.11/lib/phusion_passenger/abstract_request_handler.rb:513:in `accept_and_process_next_request'
    /var/lib/gems/1.8/gems/passenger-3.0.11/lib/phusion_passenger/abstract_request_handler.rb:274:in `main_loop'
    /var/lib/gems/1.8/gems/passenger-3.0.11/lib/phusion_passenger/classic_rails/application_spawner.rb:321:in `start_request_handler'
    /var/lib/gems/1.8/gems/passenger-3.0.11/lib/phusion_passenger/classic_rails/application_spawner.rb:275:in `send'
    /var/lib/gems/1.8/gems/passenger-3.0.11/lib/phusion_passenger/classic_rails/application_spawner.rb:275:in `handle_spawn_application'
    /var/lib/gems/1.8/gems/passenger-3.0.11/lib/phusion_passenger/utils.rb:479:in `safe_fork'
    /var/lib/gems/1.8/gems/passenger-3.0.11/lib/phusion_passenger/classic_rails/application_spawner.rb:270:in `handle_spawn_application'
    /var/lib/gems/1.8/gems/passenger-3.0.11/lib/phusion_passenger/abstract_server.rb:357:in `__send__'
    /var/lib/gems/1.8/gems/passenger-3.0.11/lib/phusion_passenger/abstract_server.rb:357:in `server_main_loop'
    /var/lib/gems/1.8/gems/passenger-3.0.11/lib/phusion_passenger/abstract_server.rb:206:in `start_synchronously'
    /var/lib/gems/1.8/gems/passenger-3.0.11/lib/phusion_passenger/abstract_server.rb:180:in `start'
    /var/lib/gems/1.8/gems/passenger-3.0.11/lib/phusion_passenger/classic_rails/application_spawner.rb:149:in `start'
    /var/lib/gems/1.8/gems/passenger-3.0.11/lib/phusion_passenger/spawn_manager.rb:219:in `spawn_rails_application'
    /var/lib/gems/1.8/gems/passenger-3.0.11/lib/phusion_passenger/abstract_server_collection.rb:132:in `lookup_or_add'
    /var/lib/gems/1.8/gems/passenger-3.0.11/lib/phusion_passenger/spawn_manager.rb:214:in `spawn_rails_application'
    /var/lib/gems/1.8/gems/passenger-3.0.11/lib/phusion_passenger/abstract_server_collection.rb:82:in `synchronize'
    /var/lib/gems/1.8/gems/passenger-3.0.11/lib/phusion_passenger/abstract_server_collection.rb:79:in `synchronize'
    /var/lib/gems/1.8/gems/passenger-3.0.11/lib/phusion_passenger/spawn_manager.rb:213:in `spawn_rails_application'
    /var/lib/gems/1.8/gems/passenger-3.0.11/lib/phusion_passenger/spawn_manager.rb:132:in `spawn_application'
    /var/lib/gems/1.8/gems/passenger-3.0.11/lib/phusion_passenger/spawn_manager.rb:275:in `handle_spawn_application'
    /var/lib/gems/1.8/gems/passenger-3.0.11/lib/phusion_passenger/abstract_server.rb:357:in `__send__'
    /var/lib/gems/1.8/gems/passenger-3.0.11/lib/phusion_passenger/abstract_server.rb:357:in `server_main_loop'
    /var/lib/gems/1.8/gems/passenger-3.0.11/lib/phusion_passenger/abstract_server.rb:206:in `start_synchronously'
    /var/lib/gems/1.8/gems/passenger-3.0.11/helper-scripts/passenger-spawn-server:99
/!\ FAILSAFE /!\  Wed Apr 04 18:26:41 +0800 2012
  Status: 500 Internal Server Error
  Could not find table 'sessions'
    /var/lib/gems/1.8/gems/activerecord-2.2.2/lib/active_record/connection_adapters/sqlite3_adapter.rb:29:in `table_structure'
    /var/lib/gems/1.8/gems/activesupport-2.2.2/lib/active_support/core_ext/object/misc.rb:39:in `returning'
    /var/lib/gems/1.8/gems/activerecord-2.2.2/lib/active_record/connection_adapters/sqlite3_adapter.rb:28:in `table_structure'
    /var/lib/gems/1.8/gems/activerecord-2.2.2/lib/active_record/connection_adapters/sqlite_adapter.rb:189:in `columns'
    /var/lib/gems/1.8/gems/activerecord-2.2.2/lib/active_record/base.rb:1220:in `columns'
    /var/lib/gems/1.8/gems/activerecord-2.2.2/lib/active_record/base.rb:1228:in `columns_hash'
    /var/lib/gems/1.8/gems/actionpack-2.2.2/lib/action_controller/session/active_record_store.rb:104:in `setup_sessid_compatibility!'
    /var/lib/gems/1.8/gems/actionpack-2.2.2/lib/action_controller/session/active_record_store.rb:78:in `find_by_session_id'
    /var/lib/gems/1.8/gems/actionpack-2.2.2/lib/action_controller/session/active_record_store.rb:288:in `initialize'
    /var/lib/gems/1.8/gems/activerecord-2.2.2/lib/active_record/base.rb:1398:in `silence'
    /var/lib/gems/1.8/gems/actionpack-2.2.2/lib/action_controller/session/active_record_store.rb:288:in `initialize'
    /usr/lib/ruby/1.8/cgi/session.rb:280:in `new'
    /usr/lib/ruby/1.8/cgi/session.rb:280:in `initialize_without_cgi_reader'
    /var/lib/gems/1.8/gems/actionpack-2.2.2/lib/action_controller/cgi_ext/session.rb:19:in `initialize'
    /var/lib/gems/1.8/gems/actionpack-2.2.2/lib/action_controller/cgi_process.rb:94:in `new'
    /var/lib/gems/1.8/gems/actionpack-2.2.2/lib/action_controller/cgi_process.rb:94:in `session'
    /var/lib/gems/1.8/gems/actionpack-2.2.2/lib/action_controller/cgi_process.rb:130:in `stale_session_check!'
    /var/lib/gems/1.8/gems/actionpack-2.2.2/lib/action_controller/cgi_process.rb:78:in `session'
    /var/lib/gems/1.8/gems/actionpack-2.2.2/lib/action_controller/base.rb:1205:in `assign_shortcuts_without_flash'
    /var/lib/gems/1.8/gems/actionpack-2.2.2/lib/action_controller/flash.rb:166:in `assign_shortcuts'
    /var/lib/gems/1.8/gems/actionpack-2.2.2/lib/action_controller/base.rb:519:in `process_without_filters'
    /var/lib/gems/1.8/gems/actionpack-2.2.2/lib/action_controller/filters.rb:606:in `process_without_session_management_support'
    /var/lib/gems/1.8/gems/actionpack-2.2.2/lib/action_controller/session_management.rb:134:in `process'
    /var/lib/gems/1.8/gems/actionpack-2.2.2/lib/action_controller/base.rb:392:in `process'
    /var/lib/gems/1.8/gems/actionpack-2.2.2/lib/action_controller/dispatcher.rb:183:in `handle_request'
    /var/lib/gems/1.8/gems/actionpack-2.2.2/lib/action_controller/dispatcher.rb:110:in `dispatch_unlocked'
    /var/lib/gems/1.8/gems/actionpack-2.2.2/lib/action_controller/dispatcher.rb:123:in `dispatch'
    /var/lib/gems/1.8/gems/actionpack-2.2.2/lib/action_controller/dispatcher.rb:122:in `synchronize'
    /var/lib/gems/1.8/gems/actionpack-2.2.2/lib/action_controller/dispatcher.rb:122:in `dispatch'
    /var/lib/gems/1.8/gems/actionpack-2.2.2/lib/action_controller/dispatcher.rb:132:in `dispatch_cgi'
    /var/lib/gems/1.8/gems/actionpack-2.2.2/lib/action_controller/dispatcher.rb:39:in `dispatch'
    /var/lib/gems/1.8/gems/passenger-3.0.11/lib/phusion_passenger/classic_rails/request_handler.rb:51:in `process_request'
    /var/lib/gems/1.8/gems/passenger-3.0.11/lib/phusion_passenger/abstract_request_handler.rb:513:in `accept_and_process_next_request'
    /var/lib/gems/1.8/gems/passenger-3.0.11/lib/phusion_passenger/abstract_request_handler.rb:274:in `main_loop'
    /var/lib/gems/1.8/gems/passenger-3.0.11/lib/phusion_passenger/classic_rails/application_spawner.rb:321:in `start_request_handler'
    /var/lib/gems/1.8/gems/passenger-3.0.11/lib/phusion_passenger/classic_rails/application_spawner.rb:275:in `send'
    /var/lib/gems/1.8/gems/passenger-3.0.11/lib/phusion_passenger/classic_rails/application_spawner.rb:275:in `handle_spawn_application'
    /var/lib/gems/1.8/gems/passenger-3.0.11/lib/phusion_passenger/utils.rb:479:in `safe_fork'
    /var/lib/gems/1.8/gems/passenger-3.0.11/lib/phusion_passenger/classic_rails/application_spawner.rb:270:in `handle_spawn_application'
    /var/lib/gems/1.8/gems/passenger-3.0.11/lib/phusion_passenger/abstract_server.rb:357:in `__send__'
    /var/lib/gems/1.8/gems/passenger-3.0.11/lib/phusion_passenger/abstract_server.rb:357:in `server_main_loop'
    /var/lib/gems/1.8/gems/passenger-3.0.11/lib/phusion_passenger/abstract_server.rb:206:in `start_synchronously'
    /var/lib/gems/1.8/gems/passenger-3.0.11/lib/phusion_passenger/abstract_server.rb:180:in `start'
    /var/lib/gems/1.8/gems/passenger-3.0.11/lib/phusion_passenger/classic_rails/application_spawner.rb:149:in `start'
    /var/lib/gems/1.8/gems/passenger-3.0.11/lib/phusion_passenger/spawn_manager.rb:219:in `spawn_rails_application'
    /var/lib/gems/1.8/gems/passenger-3.0.11/lib/phusion_passenger/abstract_server_collection.rb:132:in `lookup_or_add'
    /var/lib/gems/1.8/gems/passenger-3.0.11/lib/phusion_passenger/spawn_manager.rb:214:in `spawn_rails_application'
    /var/lib/gems/1.8/gems/passenger-3.0.11/lib/phusion_passenger/abstract_server_collection.rb:82:in `synchronize'
    /var/lib/gems/1.8/gems/passenger-3.0.11/lib/phusion_passenger/abstract_server_collection.rb:79:in `synchronize'
    /var/lib/gems/1.8/gems/passenger-3.0.11/lib/phusion_passenger/spawn_manager.rb:213:in `spawn_rails_application'
    /var/lib/gems/1.8/gems/passenger-3.0.11/lib/phusion_passenger/spawn_manager.rb:132:in `spawn_application'
    /var/lib/gems/1.8/gems/passenger-3.0.11/lib/phusion_passenger/spawn_manager.rb:275:in `handle_spawn_application'
    /var/lib/gems/1.8/gems/passenger-3.0.11/lib/phusion_passenger/abstract_server.rb:357:in `__send__'
    /var/lib/gems/1.8/gems/passenger-3.0.11/lib/phusion_passenger/abstract_server.rb:357:in `server_main_loop'
    /var/lib/gems/1.8/gems/passenger-3.0.11/lib/phusion_passenger/abstract_server.rb:206:in `start_synchronously'
    /var/lib/gems/1.8/gems/passenger-3.0.11/helper-scripts/passenger-spawn-server:99
/!\ FAILSAFE /!\  Wed Apr 04 18:26:41 +0800 2012
  Status: 500 Internal Server Error
  Could not find table 'sessions'
    /var/lib/gems/1.8/gems/activerecord-2.2.2/lib/active_record/connection_adapters/sqlite3_adapter.rb:29:in `table_structure'
    /var/lib/gems/1.8/gems/activesupport-2.2.2/lib/active_support/core_ext/object/misc.rb:39:in `returning'
    /var/lib/gems/1.8/gems/activerecord-2.2.2/lib/active_record/connection_adapters/sqlite3_adapter.rb:28:in `table_structure'
    /var/lib/gems/1.8/gems/activerecord-2.2.2/lib/active_record/connection_adapters/sqlite_adapter.rb:189:in `columns'
    /var/lib/gems/1.8/gems/activerecord-2.2.2/lib/active_record/base.rb:1220:in `columns'
    /var/lib/gems/1.8/gems/activerecord-2.2.2/lib/active_record/base.rb:1228:in `columns_hash'
    /var/lib/gems/1.8/gems/actionpack-2.2.2/lib/action_controller/session/active_record_store.rb:104:in `setup_sessid_compatibility!'
    /var/lib/gems/1.8/gems/actionpack-2.2.2/lib/action_controller/session/active_record_store.rb:78:in `find_by_session_id'
    /var/lib/gems/1.8/gems/actionpack-2.2.2/lib/action_controller/session/active_record_store.rb:288:in `initialize'
    /var/lib/gems/1.8/gems/activerecord-2.2.2/lib/active_record/base.rb:1398:in `silence'
    /var/lib/gems/1.8/gems/actionpack-2.2.2/lib/action_controller/session/active_record_store.rb:288:in `initialize'
    /usr/lib/ruby/1.8/cgi/session.rb:280:in `new'
    /usr/lib/ruby/1.8/cgi/session.rb:280:in `initialize_without_cgi_reader'
    /var/lib/gems/1.8/gems/actionpack-2.2.2/lib/action_controller/cgi_ext/session.rb:19:in `initialize'
    /var/lib/gems/1.8/gems/actionpack-2.2.2/lib/action_controller/cgi_process.rb:94:in `new'
    /var/lib/gems/1.8/gems/actionpack-2.2.2/lib/action_controller/cgi_process.rb:94:in `session'
    /var/lib/gems/1.8/gems/actionpack-2.2.2/lib/action_controller/cgi_process.rb:130:in `stale_session_check!'
    /var/lib/gems/1.8/gems/actionpack-2.2.2/lib/action_controller/cgi_process.rb:78:in `session'
    /var/lib/gems/1.8/gems/actionpack-2.2.2/lib/action_controller/base.rb:1205:in `assign_shortcuts_without_flash'
    /var/lib/gems/1.8/gems/actionpack-2.2.2/lib/action_controller/flash.rb:166:in `assign_shortcuts'
    /var/lib/gems/1.8/gems/actionpack-2.2.2/lib/action_controller/base.rb:519:in `process_without_filters'
    /var/lib/gems/1.8/gems/actionpack-2.2.2/lib/action_controller/filters.rb:606:in `process_without_session_management_support'
    /var/lib/gems/1.8/gems/actionpack-2.2.2/lib/action_controller/session_management.rb:134:in `process'
    /var/lib/gems/1.8/gems/actionpack-2.2.2/lib/action_controller/base.rb:392:in `process'
    /var/lib/gems/1.8/gems/actionpack-2.2.2/lib/action_controller/dispatcher.rb:183:in `handle_request'
    /var/lib/gems/1.8/gems/actionpack-2.2.2/lib/action_controller/dispatcher.rb:110:in `dispatch_unlocked'
    /var/lib/gems/1.8/gems/actionpack-2.2.2/lib/action_controller/dispatcher.rb:123:in `dispatch'
    /var/lib/gems/1.8/gems/actionpack-2.2.2/lib/action_controller/dispatcher.rb:122:in `synchronize'
    /var/lib/gems/1.8/gems/actionpack-2.2.2/lib/action_controller/dispatcher.rb:122:in `dispatch'
    /var/lib/gems/1.8/gems/actionpack-2.2.2/lib/action_controller/dispatcher.rb:132:in `dispatch_cgi'
    /var/lib/gems/1.8/gems/actionpack-2.2.2/lib/action_controller/dispatcher.rb:39:in `dispatch'
    /var/lib/gems/1.8/gems/passenger-3.0.11/lib/phusion_passenger/classic_rails/request_handler.rb:51:in `process_request'
    /var/lib/gems/1.8/gems/passenger-3.0.11/lib/phusion_passenger/abstract_request_handler.rb:513:in `accept_and_process_next_request'
    /var/lib/gems/1.8/gems/passenger-3.0.11/lib/phusion_passenger/abstract_request_handler.rb:274:in `main_loop'
    /var/lib/gems/1.8/gems/passenger-3.0.11/lib/phusion_passenger/classic_rails/application_spawner.rb:321:in `start_request_handler'
    /var/lib/gems/1.8/gems/passenger-3.0.11/lib/phusion_passenger/classic_rails/application_spawner.rb:275:in `send'
    /var/lib/gems/1.8/gems/passenger-3.0.11/lib/phusion_passenger/classic_rails/application_spawner.rb:275:in `handle_spawn_application'
    /var/lib/gems/1.8/gems/passenger-3.0.11/lib/phusion_passenger/utils.rb:479:in `safe_fork'
    /var/lib/gems/1.8/gems/passenger-3.0.11/lib/phusion_passenger/classic_rails/application_spawner.rb:270:in `handle_spawn_application'
    /var/lib/gems/1.8/gems/passenger-3.0.11/lib/phusion_passenger/abstract_server.rb:357:in `__send__'
    /var/lib/gems/1.8/gems/passenger-3.0.11/lib/phusion_passenger/abstract_server.rb:357:in `server_main_loop'
    /var/lib/gems/1.8/gems/passenger-3.0.11/lib/phusion_passenger/abstract_server.rb:206:in `start_synchronously'
    /var/lib/gems/1.8/gems/passenger-3.0.11/lib/phusion_passenger/abstract_server.rb:180:in `start'
    /var/lib/gems/1.8/gems/passenger-3.0.11/lib/phusion_passenger/classic_rails/application_spawner.rb:149:in `start'
    /var/lib/gems/1.8/gems/passenger-3.0.11/lib/phusion_passenger/spawn_manager.rb:219:in `spawn_rails_application'
    /var/lib/gems/1.8/gems/passenger-3.0.11/lib/phusion_passenger/abstract_server_collection.rb:132:in `lookup_or_add'
    /var/lib/gems/1.8/gems/passenger-3.0.11/lib/phusion_passenger/spawn_manager.rb:214:in `spawn_rails_application'
    /var/lib/gems/1.8/gems/passenger-3.0.11/lib/phusion_passenger/abstract_server_collection.rb:82:in `synchronize'
    /var/lib/gems/1.8/gems/passenger-3.0.11/lib/phusion_passenger/abstract_server_collection.rb:79:in `synchronize'
    /var/lib/gems/1.8/gems/passenger-3.0.11/lib/phusion_passenger/spawn_manager.rb:213:in `spawn_rails_application'
    /var/lib/gems/1.8/gems/passenger-3.0.11/lib/phusion_passenger/spawn_manager.rb:132:in `spawn_application'
    /var/lib/gems/1.8/gems/passenger-3.0.11/lib/phusion_passenger/spawn_manager.rb:275:in `handle_spawn_application'
    /var/lib/gems/1.8/gems/passenger-3.0.11/lib/phusion_passenger/abstract_server.rb:357:in `__send__'
    /var/lib/gems/1.8/gems/passenger-3.0.11/lib/phusion_passenger/abstract_server.rb:357:in `server_main_loop'
    /var/lib/gems/1.8/gems/passenger-3.0.11/lib/phusion_passenger/abstract_server.rb:206:in `start_synchronously'
    /var/lib/gems/1.8/gems/passenger-3.0.11/helper-scripts/passenger-spawn-server:99
/!\ FAILSAFE /!\  Wed Apr 04 18:26:42 +0800 2012
  Status: 500 Internal Server Error
  Could not find table 'sessions'
    /var/lib/gems/1.8/gems/activerecord-2.2.2/lib/active_record/connection_adapters/sqlite3_adapter.rb:29:in `table_structure'
    /var/lib/gems/1.8/gems/activesupport-2.2.2/lib/active_support/core_ext/object/misc.rb:39:in `returning'
    /var/lib/gems/1.8/gems/activerecord-2.2.2/lib/active_record/connection_adapters/sqlite3_adapter.rb:28:in `table_structure'
    /var/lib/gems/1.8/gems/activerecord-2.2.2/lib/active_record/connection_adapters/sqlite_adapter.rb:189:in `columns'
    /var/lib/gems/1.8/gems/activerecord-2.2.2/lib/active_record/base.rb:1220:in `columns'
    /var/lib/gems/1.8/gems/activerecord-2.2.2/lib/active_record/base.rb:1228:in `columns_hash'
    /var/lib/gems/1.8/gems/actionpack-2.2.2/lib/action_controller/session/active_record_store.rb:104:in `setup_sessid_compatibility!'
    /var/lib/gems/1.8/gems/actionpack-2.2.2/lib/action_controller/session/active_record_store.rb:78:in `find_by_session_id'
    /var/lib/gems/1.8/gems/actionpack-2.2.2/lib/action_controller/session/active_record_store.rb:288:in `initialize'
    /var/lib/gems/1.8/gems/activerecord-2.2.2/lib/active_record/base.rb:1398:in `silence'
    /var/lib/gems/1.8/gems/actionpack-2.2.2/lib/action_controller/session/active_record_store.rb:288:in `initialize'
    /usr/lib/ruby/1.8/cgi/session.rb:280:in `new'
    /usr/lib/ruby/1.8/cgi/session.rb:280:in `initialize_without_cgi_reader'
    /var/lib/gems/1.8/gems/actionpack-2.2.2/lib/action_controller/cgi_ext/session.rb:19:in `initialize'
    /var/lib/gems/1.8/gems/actionpack-2.2.2/lib/action_controller/cgi_process.rb:94:in `new'
    /var/lib/gems/1.8/gems/actionpack-2.2.2/lib/action_controller/cgi_process.rb:94:in `session'
    /var/lib/gems/1.8/gems/actionpack-2.2.2/lib/action_controller/cgi_process.rb:130:in `stale_session_check!'
    /var/lib/gems/1.8/gems/actionpack-2.2.2/lib/action_controller/cgi_process.rb:78:in `session'
    /var/lib/gems/1.8/gems/actionpack-2.2.2/lib/action_controller/base.rb:1205:in `assign_shortcuts_without_flash'
    /var/lib/gems/1.8/gems/actionpack-2.2.2/lib/action_controller/flash.rb:166:in `assign_shortcuts'
    /var/lib/gems/1.8/gems/actionpack-2.2.2/lib/action_controller/base.rb:519:in `process_without_filters'
    /var/lib/gems/1.8/gems/actionpack-2.2.2/lib/action_controller/filters.rb:606:in `process_without_session_management_support'
    /var/lib/gems/1.8/gems/actionpack-2.2.2/lib/action_controller/session_management.rb:134:in `process'
    /var/lib/gems/1.8/gems/actionpack-2.2.2/lib/action_controller/base.rb:392:in `process'
    /var/lib/gems/1.8/gems/actionpack-2.2.2/lib/action_controller/dispatcher.rb:183:in `handle_request'
    /var/lib/gems/1.8/gems/actionpack-2.2.2/lib/action_controller/dispatcher.rb:110:in `dispatch_unlocked'
    /var/lib/gems/1.8/gems/actionpack-2.2.2/lib/action_controller/dispatcher.rb:123:in `dispatch'
    /var/lib/gems/1.8/gems/actionpack-2.2.2/lib/action_controller/dispatcher.rb:122:in `synchronize'
    /var/lib/gems/1.8/gems/actionpack-2.2.2/lib/action_controller/dispatcher.rb:122:in `dispatch'
    /var/lib/gems/1.8/gems/actionpack-2.2.2/lib/action_controller/dispatcher.rb:132:in `dispatch_cgi'
    /var/lib/gems/1.8/gems/actionpack-2.2.2/lib/action_controller/dispatcher.rb:39:in `dispatch'
    /var/lib/gems/1.8/gems/passenger-3.0.11/lib/phusion_passenger/classic_rails/request_handler.rb:51:in `process_request'
    /var/lib/gems/1.8/gems/passenger-3.0.11/lib/phusion_passenger/abstract_request_handler.rb:513:in `accept_and_process_next_request'
    /var/lib/gems/1.8/gems/passenger-3.0.11/lib/phusion_passenger/abstract_request_handler.rb:274:in `main_loop'
    /var/lib/gems/1.8/gems/passenger-3.0.11/lib/phusion_passenger/classic_rails/application_spawner.rb:321:in `start_request_handler'
    /var/lib/gems/1.8/gems/passenger-3.0.11/lib/phusion_passenger/classic_rails/application_spawner.rb:275:in `send'
    /var/lib/gems/1.8/gems/passenger-3.0.11/lib/phusion_passenger/classic_rails/application_spawner.rb:275:in `handle_spawn_application'
    /var/lib/gems/1.8/gems/passenger-3.0.11/lib/phusion_passenger/utils.rb:479:in `safe_fork'
    /var/lib/gems/1.8/gems/passenger-3.0.11/lib/phusion_passenger/classic_rails/application_spawner.rb:270:in `handle_spawn_application'
    /var/lib/gems/1.8/gems/passenger-3.0.11/lib/phusion_passenger/abstract_server.rb:357:in `__send__'
    /var/lib/gems/1.8/gems/passenger-3.0.11/lib/phusion_passenger/abstract_server.rb:357:in `server_main_loop'
    /var/lib/gems/1.8/gems/passenger-3.0.11/lib/phusion_passenger/abstract_server.rb:206:in `start_synchronously'
    /var/lib/gems/1.8/gems/passenger-3.0.11/lib/phusion_passenger/abstract_server.rb:180:in `start'
    /var/lib/gems/1.8/gems/passenger-3.0.11/lib/phusion_passenger/classic_rails/application_spawner.rb:149:in `start'
    /var/lib/gems/1.8/gems/passenger-3.0.11/lib/phusion_passenger/spawn_manager.rb:219:in `spawn_rails_application'
    /var/lib/gems/1.8/gems/passenger-3.0.11/lib/phusion_passenger/abstract_server_collection.rb:132:in `lookup_or_add'
    /var/lib/gems/1.8/gems/passenger-3.0.11/lib/phusion_passenger/spawn_manager.rb:214:in `spawn_rails_application'
    /var/lib/gems/1.8/gems/passenger-3.0.11/lib/phusion_passenger/abstract_server_collection.rb:82:in `synchronize'
    /var/lib/gems/1.8/gems/passenger-3.0.11/lib/phusion_passenger/abstract_server_collection.rb:79:in `synchronize'
    /var/lib/gems/1.8/gems/passenger-3.0.11/lib/phusion_passenger/spawn_manager.rb:213:in `spawn_rails_application'
    /var/lib/gems/1.8/gems/passenger-3.0.11/lib/phusion_passenger/spawn_manager.rb:132:in `spawn_application'
    /var/lib/gems/1.8/gems/passenger-3.0.11/lib/phusion_passenger/spawn_manager.rb:275:in `handle_spawn_application'
    /var/lib/gems/1.8/gems/passenger-3.0.11/lib/phusion_passenger/abstract_server.rb:357:in `__send__'
    /var/lib/gems/1.8/gems/passenger-3.0.11/lib/phusion_passenger/abstract_server.rb:357:in `server_main_loop'
    /var/lib/gems/1.8/gems/passenger-3.0.11/lib/phusion_passenger/abstract_server.rb:206:in `start_synchronously'
    /var/lib/gems/1.8/gems/passenger-3.0.11/helper-scripts/passenger-spawn-server:99
/!\ FAILSAFE /!\  Wed Apr 04 18:26:42 +0800 2012
  Status: 500 Internal Server Error
  Could not find table 'sessions'
    /var/lib/gems/1.8/gems/activerecord-2.2.2/lib/active_record/connection_adapters/sqlite3_adapter.rb:29:in `table_structure'
    /var/lib/gems/1.8/gems/activesupport-2.2.2/lib/active_support/core_ext/object/misc.rb:39:in `returning'
    /var/lib/gems/1.8/gems/activerecord-2.2.2/lib/active_record/connection_adapters/sqlite3_adapter.rb:28:in `table_structure'
    /var/lib/gems/1.8/gems/activerecord-2.2.2/lib/active_record/connection_adapters/sqlite_adapter.rb:189:in `columns'
    /var/lib/gems/1.8/gems/activerecord-2.2.2/lib/active_record/base.rb:1220:in `columns'
    /var/lib/gems/1.8/gems/activerecord-2.2.2/lib/active_record/base.rb:1228:in `columns_hash'
    /var/lib/gems/1.8/gems/actionpack-2.2.2/lib/action_controller/session/active_record_store.rb:104:in `setup_sessid_compatibility!'
    /var/lib/gems/1.8/gems/actionpack-2.2.2/lib/action_controller/session/active_record_store.rb:78:in `find_by_session_id'
    /var/lib/gems/1.8/gems/actionpack-2.2.2/lib/action_controller/session/active_record_store.rb:288:in `initialize'
    /var/lib/gems/1.8/gems/activerecord-2.2.2/lib/active_record/base.rb:1398:in `silence'
    /var/lib/gems/1.8/gems/actionpack-2.2.2/lib/action_controller/session/active_record_store.rb:288:in `initialize'
    /usr/lib/ruby/1.8/cgi/session.rb:280:in `new'
    /usr/lib/ruby/1.8/cgi/session.rb:280:in `initialize_without_cgi_reader'
    /var/lib/gems/1.8/gems/actionpack-2.2.2/lib/action_controller/cgi_ext/session.rb:19:in `initialize'
    /var/lib/gems/1.8/gems/actionpack-2.2.2/lib/action_controller/cgi_process.rb:94:in `new'
    /var/lib/gems/1.8/gems/actionpack-2.2.2/lib/action_controller/cgi_process.rb:94:in `session'
    /var/lib/gems/1.8/gems/actionpack-2.2.2/lib/action_controller/cgi_process.rb:130:in `stale_session_check!'
    /var/lib/gems/1.8/gems/actionpack-2.2.2/lib/action_controller/cgi_process.rb:78:in `session'
    /var/lib/gems/1.8/gems/actionpack-2.2.2/lib/action_controller/base.rb:1205:in `assign_shortcuts_without_flash'
    /var/lib/gems/1.8/gems/actionpack-2.2.2/lib/action_controller/flash.rb:166:in `assign_shortcuts'
    /var/lib/gems/1.8/gems/actionpack-2.2.2/lib/action_controller/base.rb:519:in `process_without_filters'
    /var/lib/gems/1.8/gems/actionpack-2.2.2/lib/action_controller/filters.rb:606:in `process_without_session_management_support'
    /var/lib/gems/1.8/gems/actionpack-2.2.2/lib/action_controller/session_management.rb:134:in `process'
    /var/lib/gems/1.8/gems/actionpack-2.2.2/lib/action_controller/base.rb:392:in `process'
    /var/lib/gems/1.8/gems/actionpack-2.2.2/lib/action_controller/dispatcher.rb:183:in `handle_request'
    /var/lib/gems/1.8/gems/actionpack-2.2.2/lib/action_controller/dispatcher.rb:110:in `dispatch_unlocked'
    /var/lib/gems/1.8/gems/actionpack-2.2.2/lib/action_controller/dispatcher.rb:123:in `dispatch'
    /var/lib/gems/1.8/gems/actionpack-2.2.2/lib/action_controller/dispatcher.rb:122:in `synchronize'
    /var/lib/gems/1.8/gems/actionpack-2.2.2/lib/action_controller/dispatcher.rb:122:in `dispatch'
    /var/lib/gems/1.8/gems/actionpack-2.2.2/lib/action_controller/dispatcher.rb:132:in `dispatch_cgi'
    /var/lib/gems/1.8/gems/actionpack-2.2.2/lib/action_controller/dispatcher.rb:39:in `dispatch'
    /var/lib/gems/1.8/gems/passenger-3.0.11/lib/phusion_passenger/classic_rails/request_handler.rb:51:in `process_request'
    /var/lib/gems/1.8/gems/passenger-3.0.11/lib/phusion_passenger/abstract_request_handler.rb:513:in `accept_and_process_next_request'
    /var/lib/gems/1.8/gems/passenger-3.0.11/lib/phusion_passenger/abstract_request_handler.rb:274:in `main_loop'
    /var/lib/gems/1.8/gems/passenger-3.0.11/lib/phusion_passenger/classic_rails/application_spawner.rb:321:in `start_request_handler'
    /var/lib/gems/1.8/gems/passenger-3.0.11/lib/phusion_passenger/classic_rails/application_spawner.rb:275:in `send'
    /var/lib/gems/1.8/gems/passenger-3.0.11/lib/phusion_passenger/classic_rails/application_spawner.rb:275:in `handle_spawn_application'
    /var/lib/gems/1.8/gems/passenger-3.0.11/lib/phusion_passenger/utils.rb:479:in `safe_fork'
    /var/lib/gems/1.8/gems/passenger-3.0.11/lib/phusion_passenger/classic_rails/application_spawner.rb:270:in `handle_spawn_application'
    /var/lib/gems/1.8/gems/passenger-3.0.11/lib/phusion_passenger/abstract_server.rb:357:in `__send__'
    /var/lib/gems/1.8/gems/passenger-3.0.11/lib/phusion_passenger/abstract_server.rb:357:in `server_main_loop'
    /var/lib/gems/1.8/gems/passenger-3.0.11/lib/phusion_passenger/abstract_server.rb:206:in `start_synchronously'
    /var/lib/gems/1.8/gems/passenger-3.0.11/lib/phusion_passenger/abstract_server.rb:180:in `start'
    /var/lib/gems/1.8/gems/passenger-3.0.11/lib/phusion_passenger/classic_rails/application_spawner.rb:149:in `start'
    /var/lib/gems/1.8/gems/passenger-3.0.11/lib/phusion_passenger/spawn_manager.rb:219:in `spawn_rails_application'
    /var/lib/gems/1.8/gems/passenger-3.0.11/lib/phusion_passenger/abstract_server_collection.rb:132:in `lookup_or_add'
    /var/lib/gems/1.8/gems/passenger-3.0.11/lib/phusion_passenger/spawn_manager.rb:214:in `spawn_rails_application'
    /var/lib/gems/1.8/gems/passenger-3.0.11/lib/phusion_passenger/abstract_server_collection.rb:82:in `synchronize'
    /var/lib/gems/1.8/gems/passenger-3.0.11/lib/phusion_passenger/abstract_server_collection.rb:79:in `synchronize'
    /var/lib/gems/1.8/gems/passenger-3.0.11/lib/phusion_passenger/spawn_manager.rb:213:in `spawn_rails_application'
    /var/lib/gems/1.8/gems/passenger-3.0.11/lib/phusion_passenger/spawn_manager.rb:132:in `spawn_application'
    /var/lib/gems/1.8/gems/passenger-3.0.11/lib/phusion_passenger/spawn_manager.rb:275:in `handle_spawn_application'
    /var/lib/gems/1.8/gems/passenger-3.0.11/lib/phusion_passenger/abstract_server.rb:357:in `__send__'
    /var/lib/gems/1.8/gems/passenger-3.0.11/lib/phusion_passenger/abstract_server.rb:357:in `server_main_loop'
    /var/lib/gems/1.8/gems/passenger-3.0.11/lib/phusion_passenger/abstract_server.rb:206:in `start_synchronously'
    /var/lib/gems/1.8/gems/passenger-3.0.11/helper-scripts/passenger-spawn-server:99
/!\ FAILSAFE /!\  Wed Apr 04 18:26:43 +0800 2012
  Status: 500 Internal Server Error
  Could not find table 'sessions'
    /var/lib/gems/1.8/gems/activerecord-2.2.2/lib/active_record/connection_adapters/sqlite3_adapter.rb:29:in `table_structure'
    /var/lib/gems/1.8/gems/activesupport-2.2.2/lib/active_support/core_ext/object/misc.rb:39:in `returning'
    /var/lib/gems/1.8/gems/activerecord-2.2.2/lib/active_record/connection_adapters/sqlite3_adapter.rb:28:in `table_structure'
    /var/lib/gems/1.8/gems/activerecord-2.2.2/lib/active_record/connection_adapters/sqlite_adapter.rb:189:in `columns'
    /var/lib/gems/1.8/gems/activerecord-2.2.2/lib/active_record/base.rb:1220:in `columns'
    /var/lib/gems/1.8/gems/activerecord-2.2.2/lib/active_record/base.rb:1228:in `columns_hash'
    /var/lib/gems/1.8/gems/actionpack-2.2.2/lib/action_controller/session/active_record_store.rb:104:in `setup_sessid_compatibility!'
    /var/lib/gems/1.8/gems/actionpack-2.2.2/lib/action_controller/session/active_record_store.rb:78:in `find_by_session_id'
    /var/lib/gems/1.8/gems/actionpack-2.2.2/lib/action_controller/session/active_record_store.rb:288:in `initialize'
    /var/lib/gems/1.8/gems/activerecord-2.2.2/lib/active_record/base.rb:1398:in `silence'
    /var/lib/gems/1.8/gems/actionpack-2.2.2/lib/action_controller/session/active_record_store.rb:288:in `initialize'
    /usr/lib/ruby/1.8/cgi/session.rb:280:in `new'
    /usr/lib/ruby/1.8/cgi/session.rb:280:in `initialize_without_cgi_reader'
    /var/lib/gems/1.8/gems/actionpack-2.2.2/lib/action_controller/cgi_ext/session.rb:19:in `initialize'
    /var/lib/gems/1.8/gems/actionpack-2.2.2/lib/action_controller/cgi_process.rb:94:in `new'
    /var/lib/gems/1.8/gems/actionpack-2.2.2/lib/action_controller/cgi_process.rb:94:in `session'
    /var/lib/gems/1.8/gems/actionpack-2.2.2/lib/action_controller/cgi_process.rb:130:in `stale_session_check!'
    /var/lib/gems/1.8/gems/actionpack-2.2.2/lib/action_controller/cgi_process.rb:78:in `session'
    /var/lib/gems/1.8/gems/actionpack-2.2.2/lib/action_controller/base.rb:1205:in `assign_shortcuts_without_flash'
    /var/lib/gems/1.8/gems/actionpack-2.2.2/lib/action_controller/flash.rb:166:in `assign_shortcuts'
    /var/lib/gems/1.8/gems/actionpack-2.2.2/lib/action_controller/base.rb:519:in `process_without_filters'
    /var/lib/gems/1.8/gems/actionpack-2.2.2/lib/action_controller/filters.rb:606:in `process_without_session_management_support'
    /var/lib/gems/1.8/gems/actionpack-2.2.2/lib/action_controller/session_management.rb:134:in `process'
    /var/lib/gems/1.8/gems/actionpack-2.2.2/lib/action_controller/base.rb:392:in `process'
    /var/lib/gems/1.8/gems/actionpack-2.2.2/lib/action_controller/dispatcher.rb:183:in `handle_request'
    /var/lib/gems/1.8/gems/actionpack-2.2.2/lib/action_controller/dispatcher.rb:110:in `dispatch_unlocked'
    /var/lib/gems/1.8/gems/actionpack-2.2.2/lib/action_controller/dispatcher.rb:123:in `dispatch'
    /var/lib/gems/1.8/gems/actionpack-2.2.2/lib/action_controller/dispatcher.rb:122:in `synchronize'
    /var/lib/gems/1.8/gems/actionpack-2.2.2/lib/action_controller/dispatcher.rb:122:in `dispatch'
    /var/lib/gems/1.8/gems/actionpack-2.2.2/lib/action_controller/dispatcher.rb:132:in `dispatch_cgi'
    /var/lib/gems/1.8/gems/actionpack-2.2.2/lib/action_controller/dispatcher.rb:39:in `dispatch'
    /var/lib/gems/1.8/gems/passenger-3.0.11/lib/phusion_passenger/classic_rails/request_handler.rb:51:in `process_request'
    /var/lib/gems/1.8/gems/passenger-3.0.11/lib/phusion_passenger/abstract_request_handler.rb:513:in `accept_and_process_next_request'
    /var/lib/gems/1.8/gems/passenger-3.0.11/lib/phusion_passenger/abstract_request_handler.rb:274:in `main_loop'
    /var/lib/gems/1.8/gems/passenger-3.0.11/lib/phusion_passenger/classic_rails/application_spawner.rb:321:in `start_request_handler'
    /var/lib/gems/1.8/gems/passenger-3.0.11/lib/phusion_passenger/classic_rails/application_spawner.rb:275:in `send'
    /var/lib/gems/1.8/gems/passenger-3.0.11/lib/phusion_passenger/classic_rails/application_spawner.rb:275:in `handle_spawn_application'
    /var/lib/gems/1.8/gems/passenger-3.0.11/lib/phusion_passenger/utils.rb:479:in `safe_fork'
    /var/lib/gems/1.8/gems/passenger-3.0.11/lib/phusion_passenger/classic_rails/application_spawner.rb:270:in `handle_spawn_application'
    /var/lib/gems/1.8/gems/passenger-3.0.11/lib/phusion_passenger/abstract_server.rb:357:in `__send__'
    /var/lib/gems/1.8/gems/passenger-3.0.11/lib/phusion_passenger/abstract_server.rb:357:in `server_main_loop'
    /var/lib/gems/1.8/gems/passenger-3.0.11/lib/phusion_passenger/abstract_server.rb:206:in `start_synchronously'
    /var/lib/gems/1.8/gems/passenger-3.0.11/lib/phusion_passenger/abstract_server.rb:180:in `start'
    /var/lib/gems/1.8/gems/passenger-3.0.11/lib/phusion_passenger/classic_rails/application_spawner.rb:149:in `start'
    /var/lib/gems/1.8/gems/passenger-3.0.11/lib/phusion_passenger/spawn_manager.rb:219:in `spawn_rails_application'
    /var/lib/gems/1.8/gems/passenger-3.0.11/lib/phusion_passenger/abstract_server_collection.rb:132:in `lookup_or_add'
    /var/lib/gems/1.8/gems/passenger-3.0.11/lib/phusion_passenger/spawn_manager.rb:214:in `spawn_rails_application'
    /var/lib/gems/1.8/gems/passenger-3.0.11/lib/phusion_passenger/abstract_server_collection.rb:82:in `synchronize'
    /var/lib/gems/1.8/gems/passenger-3.0.11/lib/phusion_passenger/abstract_server_collection.rb:79:in `synchronize'
    /var/lib/gems/1.8/gems/passenger-3.0.11/lib/phusion_passenger/spawn_manager.rb:213:in `spawn_rails_application'
    /var/lib/gems/1.8/gems/passenger-3.0.11/lib/phusion_passenger/spawn_manager.rb:132:in `spawn_application'
    /var/lib/gems/1.8/gems/passenger-3.0.11/lib/phusion_passenger/spawn_manager.rb:275:in `handle_spawn_application'
    /var/lib/gems/1.8/gems/passenger-3.0.11/lib/phusion_passenger/abstract_server.rb:357:in `__send__'
    /var/lib/gems/1.8/gems/passenger-3.0.11/lib/phusion_passenger/abstract_server.rb:357:in `server_main_loop'
    /var/lib/gems/1.8/gems/passenger-3.0.11/lib/phusion_passenger/abstract_server.rb:206:in `start_synchronously'
    /var/lib/gems/1.8/gems/passenger-3.0.11/helper-scripts/passenger-spawn-server:99
